<?xml version="1.0" encoding="UTF-8"?>
<!-- Generated by org.testng.reporters.JUnitXMLReporter -->
<testsuite ignored="8" hostname="LAPTOP-7ON1HGJ6" failures="0" tests="2" name="Default test" time="34.296" errors="0" timestamp="2022-03-10T09:48:40 IST">
  <testcase classname="testCases.ContactTC" name="contactMail" time="7.194"/>
  <testcase classname="testCases.ContactTC" name="contactMap" time="10.639"/>
  <testcase classname="testCases.ContactTC" name="contactFavourite" time="0.0">
    <ignored/>
  </testcase> <!-- contactFavourite -->
  <testcase classname="testCases.ContactTC" name="shareCards" time="0.0">
    <ignored/>
  </testcase> <!-- shareCards -->
  <testcase classname="testCases.ContactTC" name="contactMenuClose" time="0.0">
    <ignored/>
  </testcase> <!-- contactMenuClose -->
  <testcase classname="testCases.ContactTC" name="contactUnblock" time="0.0">
    <ignored/>
  </testcase> <!-- contactUnblock -->
  <testcase classname="testCases.ContactTC" name="contactUnfavourite" time="0.0">
    <ignored/>
  </testcase> <!-- contactUnfavourite -->
  <testcase classname="testCases.ContactTC" name="contactBlock" time="0.0">
    <ignored/>
  </testcase> <!-- contactBlock -->
  <testcase classname="testCases.ContactTC" name="cardRemove" time="0.0">
    <ignored/>
  </testcase> <!-- cardRemove -->
  <testcase classname="testCases.ContactTC" name="contactTags" time="0.0">
    <ignored/>
  </testcase> <!-- contactTags -->
</testsuite> <!-- Default test -->
